2025-10-31 08:59:13,178 - __main__ - INFO - Loaded dictionary with 370105 words
2025-10-31 08:59:14,430 - httpx - INFO - HTTP Request: GET http://127.0.0.1:7860/gradio_api/startup-events "HTTP/1.1 200 OK"
2025-10-31 08:59:14,478 - httpx - INFO - HTTP Request: HEAD http://127.0.0.1:7860/ "HTTP/1.1 200 OK"
2025-10-31 08:59:15,020 - httpx - INFO - HTTP Request: GET https://api.gradio.app/pkg-version "HTTP/1.1 200 OK"
2025-10-31 08:59:16,311 - httpx - INFO - HTTP Request: GET https://api.gradio.app/v3/tunnel-request "HTTP/1.1 200 OK"
2025-10-31 09:00:12,395 - __main__ - INFO - Processing PDF: C:\Users\shubh\AppData\Local\Temp\gradio\3ac829d1d85c131c9abcfdbe6703ee509851f1a26db04b812c79d9627171baad\Adobe Scan 17 Oct 2025.pdf
2025-10-31 09:00:12,400 - __main__ - INFO - Found Poppler at: C:\poppler\poppler\Library\bin
2025-10-31 09:00:12,402 - __main__ - INFO - Converting PDF to images using Poppler path: C:\poppler\poppler\Library\bin
2025-10-31 09:00:14,368 - __main__ - INFO - Converted 1 pages from PDF
2025-10-31 09:00:14,372 - __main__ - INFO - Processing image with scale=1.28, margin=1, use_dict=False
2025-10-31 09:00:38,246 - __main__ - INFO - Processed image successfully, found 31 lines
2025-10-31 09:00:38,248 - __main__ - INFO - PDF processing completed: 1 pages, 413 words
2025-10-31 09:03:56,088 - __main__ - INFO - Processing image with scale=0.3, margin=3, use_dict=False
2025-10-31 09:03:59,007 - __main__ - INFO - Processed image successfully, found 13 lines
2025-10-31 09:45:11,106 - __main__ - INFO - Loaded dictionary with 370105 words
2025-10-31 09:45:14,263 - httpx - INFO - HTTP Request: GET http://127.0.0.1:7860/gradio_api/startup-events "HTTP/1.1 200 OK"
2025-10-31 09:45:14,357 - httpx - INFO - HTTP Request: HEAD http://127.0.0.1:7860/ "HTTP/1.1 200 OK"
2025-10-31 09:45:14,493 - httpx - INFO - HTTP Request: GET https://api.gradio.app/pkg-version "HTTP/1.1 200 OK"
2025-10-31 09:45:17,318 - httpx - INFO - HTTP Request: GET https://api.gradio.app/v3/tunnel-request "HTTP/1.1 200 OK"
2025-10-31 09:54:42,381 - __main__ - INFO - Processing image with scale=0.8, margin=8, use_dict=False
2025-10-31 09:54:43,333 - __main__ - INFO - Processed image successfully, found 2 lines
2025-10-31 09:54:53,670 - __main__ - INFO - Processing image with scale=1.97, margin=8, use_dict=False
2025-10-31 09:54:57,671 - __main__ - INFO - Processed image successfully, found 5 lines
2025-10-31 09:55:08,323 - __main__ - INFO - Processing image with scale=0.89, margin=1, use_dict=False
2025-10-31 09:55:09,489 - __main__ - INFO - Processed image successfully, found 2 lines
2025-10-31 09:55:25,307 - __main__ - INFO - Processing image with scale=0.89, margin=1, use_dict=False
2025-10-31 09:55:26,512 - __main__ - INFO - Processed image successfully, found 2 lines
2025-10-31 09:55:32,904 - __main__ - INFO - Processing image with scale=0.89, margin=3, use_dict=False
2025-10-31 09:55:34,079 - __main__ - INFO - Processed image successfully, found 2 lines
2025-10-31 09:55:38,336 - __main__ - INFO - Processing image with scale=1.95, margin=3, use_dict=False
2025-10-31 09:55:42,196 - __main__ - INFO - Processed image successfully, found 4 lines
2025-10-31 09:55:47,525 - __main__ - INFO - Processing image with scale=0.24, margin=3, use_dict=False
2025-10-31 09:55:48,008 - __main__ - INFO - Processed image successfully, found 2 lines
2025-10-31 09:55:55,025 - __main__ - INFO - Processing image with scale=0.55, margin=3, use_dict=False
2025-10-31 09:55:55,744 - __main__ - INFO - Processed image successfully, found 2 lines
2025-10-31 09:56:06,741 - __main__ - INFO - Processing image with scale=0.55, margin=2, use_dict=False
2025-10-31 09:56:07,457 - __main__ - INFO - Processed image successfully, found 2 lines
2025-10-31 09:56:11,871 - __main__ - INFO - Processing image with scale=0.55, margin=2, use_dict=True
2025-10-31 09:56:13,220 - __main__ - INFO - Processed image successfully, found 2 lines
2025-10-31 09:56:30,478 - __main__ - INFO - Processing image with scale=0.79, margin=2, use_dict=True
2025-10-31 09:56:32,028 - __main__ - INFO - Processed image successfully, found 2 lines
2025-10-31 09:56:38,595 - __main__ - INFO - Processing image with scale=0.79, margin=1, use_dict=True
2025-10-31 09:56:40,261 - __main__ - INFO - Processed image successfully, found 2 lines
2025-10-31 09:56:44,342 - __main__ - INFO - Processing image with scale=0.6, margin=1, use_dict=True
2025-10-31 09:56:45,713 - __main__ - INFO - Processed image successfully, found 2 lines
2025-10-31 09:57:06,796 - __main__ - INFO - Processing image with scale=0.6, margin=1, use_dict=True
2025-10-31 09:57:08,185 - __main__ - INFO - Processed image successfully, found 2 lines
2025-10-31 09:57:28,921 - __main__ - INFO - Processing image with scale=0.3, margin=1, use_dict=True
2025-10-31 09:57:30,063 - __main__ - INFO - Processed image successfully, found 2 lines
2025-10-31 09:57:43,023 - __main__ - INFO - Processing image with scale=1.2, margin=5, use_dict=True
2025-10-31 09:57:46,376 - __main__ - INFO - Processed image successfully, found 3 lines
2025-10-31 09:57:57,641 - __main__ - INFO - Processing image with scale=1.2, margin=5, use_dict=True
2025-10-31 09:58:01,146 - __main__ - INFO - Processed image successfully, found 3 lines
2025-10-31 09:58:06,608 - __main__ - INFO - Processing image with scale=0.42, margin=2, use_dict=True
2025-10-31 09:58:07,865 - __main__ - INFO - Processed image successfully, found 2 lines
2025-10-31 10:09:55,107 - __main__ - INFO - Processing image with scale=0.79, margin=2, use_dict=True
2025-10-31 10:09:55,972 - __main__ - INFO - Processed image successfully, found 2 lines
2025-10-31 10:10:04,121 - __main__ - INFO - Processing image with scale=0.45, margin=2, use_dict=True
2025-10-31 10:10:04,706 - __main__ - INFO - Processed image successfully, found 2 lines
2025-10-31 10:10:14,170 - __main__ - INFO - Processing image with scale=0.39, margin=2, use_dict=True
2025-10-31 10:10:14,822 - __main__ - INFO - Processed image successfully, found 2 lines
2025-10-31 10:10:21,581 - __main__ - INFO - Processing image with scale=0.36, margin=2, use_dict=True
2025-10-31 10:10:22,213 - __main__ - INFO - Processed image successfully, found 2 lines
2025-10-31 10:11:07,798 - __main__ - INFO - Processing image with scale=0.35, margin=2, use_dict=True
2025-10-31 10:11:08,342 - __main__ - INFO - Processed image successfully, found 2 lines
2025-10-31 10:11:24,828 - __main__ - INFO - Processing image with scale=0.35, margin=2, use_dict=True
2025-10-31 10:11:25,441 - __main__ - INFO - Processed image successfully, found 2 lines
2025-10-31 10:11:40,925 - __main__ - INFO - Processing image with scale=0.4, margin=1, use_dict=False
2025-10-31 10:11:41,288 - __main__ - INFO - Processed image successfully, found 5 lines
2025-10-31 11:51:01,175 - __main__ - INFO - Processing image with scale=0.8, margin=8, use_dict=True
2025-10-31 11:51:04,089 - __main__ - INFO - Processed image successfully, found 8 lines
