2025-10-11 15:24:11,158 - __main__ - INFO - Loaded dictionary with 370105 words
2025-10-11 15:24:31,493 - httpx - INFO - HTTP Request: GET http://127.0.0.1:7860/gradio_api/startup-events "HTTP/1.1 200 OK"
2025-10-11 15:24:31,539 - httpx - INFO - HTTP Request: HEAD http://127.0.0.1:7860/ "HTTP/1.1 200 OK"
2025-10-11 15:24:31,821 - httpx - INFO - HTTP Request: GET https://api.gradio.app/pkg-version "HTTP/1.1 200 OK"
2025-10-11 15:24:33,106 - httpx - INFO - HTTP Request: GET https://api.gradio.app/v3/tunnel-request "HTTP/1.1 200 OK"
2025-10-11 15:26:27,279 - __main__ - INFO - Processing image with scale=0.8, margin=8, use_dict=False
2025-10-11 15:26:27,548 - __main__ - INFO - Processed image successfully, found 1 lines
2025-10-11 15:26:37,396 - __main__ - INFO - Processing image with scale=0.8, margin=1, use_dict=False
2025-10-11 15:26:37,592 - __main__ - INFO - Processed image successfully, found 1 lines
2025-10-11 15:26:45,693 - __main__ - INFO - Processing image with scale=0.8, margin=1, use_dict=False
2025-10-11 15:26:45,871 - __main__ - INFO - Processed image successfully, found 1 lines
2025-10-11 15:26:55,574 - __main__ - INFO - Processing image with scale=0.3, margin=3, use_dict=False
2025-10-11 15:26:55,617 - __main__ - INFO - Processed image successfully, found 0 lines
2025-10-11 15:27:04,326 - __main__ - INFO - Processing image with scale=0.8, margin=8, use_dict=False
2025-10-11 15:27:04,508 - __main__ - INFO - Processed image successfully, found 1 lines
2025-10-11 15:27:14,289 - __main__ - INFO - Processing image with scale=0.5, margin=8, use_dict=False
2025-10-11 15:27:14,398 - __main__ - INFO - Processed image successfully, found 1 lines
2025-10-11 17:15:41,674 - __main__ - INFO - Processing image with scale=1.2, margin=5, use_dict=False
2025-10-11 17:16:04,574 - __main__ - INFO - Processed image successfully, found 33 lines
2025-10-11 17:17:46,260 - __main__ - INFO - Processing image with scale=1, margin=3, use_dict=True
2025-10-11 17:18:18,535 - __main__ - INFO - Processed image successfully, found 11 lines
2025-10-11 17:23:27,497 - __main__ - INFO - Processing image with scale=1.1, margin=3, use_dict=True
2025-10-11 17:23:48,049 - __main__ - INFO - Processed image successfully, found 16 lines
2025-10-11 17:24:26,006 - __main__ - INFO - Processing image with scale=1.1, margin=5, use_dict=True
2025-10-11 17:24:46,782 - __main__ - INFO - Processed image successfully, found 15 lines
2025-10-11 17:25:02,220 - __main__ - INFO - Processing image with scale=1.1, margin=5, use_dict=True
2025-10-11 17:25:21,376 - __main__ - INFO - Processed image successfully, found 8 lines
2025-10-11 17:25:40,290 - __main__ - INFO - Processing image with scale=0.3, margin=3, use_dict=True
2025-10-11 17:25:46,359 - __main__ - INFO - Processed image successfully, found 13 lines
2025-10-11 17:29:18,558 - __main__ - INFO - Processing image with scale=0.3, margin=3, use_dict=True
2025-10-11 17:29:24,487 - __main__ - INFO - Processed image successfully, found 13 lines
2025-10-11 17:48:48,659 - __main__ - INFO - Processing image with scale=0.3, margin=3, use_dict=False
2025-10-11 17:48:49,034 - __main__ - INFO - Processed image successfully, found 1 lines
2025-10-11 18:00:06,357 - __main__ - INFO - Loaded dictionary with 370105 words
2025-10-11 18:00:07,420 - httpx - INFO - HTTP Request: GET http://127.0.0.1:7860/gradio_api/startup-events "HTTP/1.1 200 OK"
2025-10-11 18:00:07,473 - httpx - INFO - HTTP Request: HEAD http://127.0.0.1:7860/ "HTTP/1.1 200 OK"
2025-10-11 18:00:07,916 - httpx - INFO - HTTP Request: GET https://api.gradio.app/pkg-version "HTTP/1.1 200 OK"
2025-10-11 18:00:08,905 - httpx - INFO - HTTP Request: GET https://api.gradio.app/v3/tunnel-request "HTTP/1.1 200 OK"
2025-10-11 18:00:58,196 - __main__ - INFO - Processing image with scale=1, margin=5, use_dict=False
2025-10-11 18:00:59,070 - __main__ - INFO - Processed image successfully, found 8 lines
2025-10-11 18:01:35,572 - __main__ - INFO - Processing image with scale=1, margin=5.5, use_dict=True
2025-10-11 18:01:36,863 - __main__ - INFO - Processed image successfully, found 7 lines
2025-10-11 18:01:47,331 - __main__ - INFO - Processing image with scale=1, margin=5.5, use_dict=True
2025-10-11 18:01:48,698 - __main__ - INFO - Processed image successfully, found 7 lines
2025-10-11 18:02:04,869 - __main__ - INFO - Processing image with scale=0.4, margin=2, use_dict=True
2025-10-11 18:02:05,547 - __main__ - INFO - Processed image successfully, found 5 lines
2025-10-11 18:02:17,724 - __main__ - INFO - Processing image with scale=0.4, margin=3, use_dict=True
2025-10-11 18:02:18,403 - __main__ - INFO - Processed image successfully, found 5 lines
2025-10-11 18:02:24,602 - __main__ - INFO - Processing image with scale=0.4, margin=1, use_dict=True
2025-10-11 18:02:25,353 - __main__ - INFO - Processed image successfully, found 5 lines
2025-10-11 18:02:49,317 - __main__ - INFO - Processing image with scale=0.4, margin=2, use_dict=True
2025-10-11 18:02:49,980 - __main__ - INFO - Processed image successfully, found 5 lines
2025-10-11 18:02:56,813 - __main__ - INFO - Processing image with scale=0.4, margin=2, use_dict=True
2025-10-11 18:02:57,548 - __main__ - INFO - Processed image successfully, found 5 lines
2025-10-11 18:03:15,956 - __main__ - INFO - Processing image with scale=1.02, margin=2, use_dict=True
2025-10-11 18:03:17,687 - __main__ - INFO - Processed image successfully, found 8 lines
2025-10-11 18:03:29,160 - __main__ - INFO - Processing image with scale=1.02, margin=2, use_dict=True
2025-10-11 18:03:11,469 - __main__ - INFO - Processed image successfully, found 7 lines
2025-10-11 18:03:34,544 - __main__ - INFO - Processing image with scale=1.02, margin=2, use_dict=False
2025-10-11 18:03:35,510 - __main__ - INFO - Processed image successfully, found 7 lines
2025-10-11 18:03:53,763 - __main__ - INFO - Processing image with scale=0.8, margin=8, use_dict=False
2025-10-11 18:03:54,444 - __main__ - INFO - Processed image successfully, found 8 lines
2025-10-11 18:04:13,738 - __main__ - INFO - Processing image with scale=0.8, margin=11, use_dict=False
2025-10-11 18:04:14,452 - __main__ - INFO - Processed image successfully, found 8 lines
2025-10-11 18:04:20,327 - __main__ - INFO - Processing image with scale=0.8, margin=6, use_dict=False
2025-10-11 18:04:21,084 - __main__ - INFO - Processed image successfully, found 8 lines
2025-10-11 18:04:24,264 - __main__ - INFO - Processing image with scale=0.8, margin=2, use_dict=False
2025-10-11 18:04:25,134 - __main__ - INFO - Processed image successfully, found 8 lines
2025-10-11 18:04:33,844 - __main__ - INFO - Processing image with scale=1, margin=1, use_dict=False
2025-10-11 18:04:34,966 - __main__ - INFO - Processed image successfully, found 8 lines
2025-10-11 18:04:40,032 - __main__ - INFO - Processing image with scale=2.14, margin=1, use_dict=False
2025-10-11 18:04:43,376 - __main__ - INFO - Processed image successfully, found 10 lines
2025-10-11 18:04:48,588 - __main__ - INFO - Processing image with scale=0.06, margin=1, use_dict=False
2025-10-11 18:04:48,607 - __main__ - INFO - Processed image successfully, found 0 lines
2025-10-11 18:04:53,365 - __main__ - INFO - Processing image with scale=0.53, margin=1, use_dict=False
2025-10-11 18:04:53,884 - __main__ - INFO - Processed image successfully, found 6 lines
2025-10-11 18:05:07,198 - __main__ - INFO - Processing image with scale=0.7, margin=1, use_dict=False
2025-10-11 18:05:07,805 - __main__ - INFO - Processed image successfully, found 8 lines
2025-10-11 18:05:15,305 - __main__ - INFO - Processing image with scale=0.6, margin=1, use_dict=False
2025-10-11 18:05:15,889 - __main__ - INFO - Processed image successfully, found 7 lines
2025-10-11 18:05:23,915 - __main__ - INFO - Processing image with scale=0.28, margin=1, use_dict=False
2025-10-11 18:05:24,309 - __main__ - INFO - Processed image successfully, found 5 lines
2025-10-11 18:05:35,288 - __main__ - INFO - Processing image with scale=0.53, margin=1, use_dict=False
2025-10-11 18:05:35,917 - __main__ - INFO - Processed image successfully, found 6 lines
2025-10-11 18:05:59,835 - __main__ - INFO - Processing image with scale=0.53, margin=1, use_dict=False
2025-10-11 18:06:00,355 - __main__ - INFO - Processed image successfully, found 6 lines
2025-10-11 18:06:22,581 - __main__ - INFO - Processing image with scale=1.2, margin=5, use_dict=False
2025-10-11 18:06:24,320 - __main__ - INFO - Processed image successfully, found 8 lines
2025-10-11 18:06:57,082 - __main__ - INFO - Processing image with scale=0.4, margin=2, use_dict=False
2025-10-11 18:06:57,329 - __main__ - INFO - Processed image successfully, found 5 lines
2025-10-11 18:07:07,616 - __main__ - INFO - Processing image with scale=0.3, margin=3, use_dict=False
2025-10-11 18:07:07,660 - __main__ - INFO - Processed image successfully, found 0 lines
2025-10-11 18:07:13,796 - __main__ - INFO - Processing image with scale=0.69, margin=3, use_dict=False
2025-10-11 18:07:15,122 - __main__ - INFO - Processed image successfully, found 12 lines
2025-10-11 18:07:25,567 - __main__ - INFO - Processing image with scale=0.69, margin=3, use_dict=False
2025-10-11 18:07:26,903 - __main__ - INFO - Processed image successfully, found 12 lines
2025-10-11 18:07:33,878 - __main__ - INFO - Processing image with scale=0.69, margin=5, use_dict=False
2025-10-11 18:07:35,100 - __main__ - INFO - Processed image successfully, found 12 lines
2025-10-11 18:07:41,309 - __main__ - INFO - Processing image with scale=0.69, margin=5, use_dict=False
2025-10-11 18:07:42,461 - __main__ - INFO - Processed image successfully, found 9 lines
2025-10-11 18:07:47,553 - __main__ - INFO - Processing image with scale=0.32, margin=5, use_dict=False
2025-10-11 18:07:47,597 - __main__ - INFO - Processed image successfully, found 0 lines
2025-10-11 18:07:51,939 - __main__ - INFO - Processing image with scale=0.7, margin=5, use_dict=False
2025-10-11 18:07:53,153 - __main__ - INFO - Processed image successfully, found 10 lines
2025-10-11 18:08:00,901 - __main__ - INFO - Processing image with scale=0.8, margin=8, use_dict=False
2025-10-11 18:08:02,698 - __main__ - INFO - Processed image successfully, found 14 lines
2025-10-11 18:08:22,347 - __main__ - INFO - Processing image with scale=0.8, margin=8, use_dict=True
2025-10-11 18:08:25,395 - __main__ - INFO - Processed image successfully, found 14 lines
2025-10-11 18:09:24,645 - __main__ - INFO - Processing image with scale=1, margin=5, use_dict=True
2025-10-11 18:09:26,837 - __main__ - INFO - Processed image successfully, found 9 lines
2025-10-11 18:09:38,011 - __main__ - INFO - Processing image with scale=1, margin=2, use_dict=True
2025-10-11 18:09:40,525 - __main__ - INFO - Processed image successfully, found 10 lines
2025-10-11 18:10:14,630 - __main__ - INFO - Processing image with scale=1.2, margin=5, use_dict=True
2025-10-11 18:10:18,703 - __main__ - INFO - Processed image successfully, found 10 lines
2025-10-11 18:10:25,037 - __main__ - INFO - Processing image with scale=1.2, margin=3, use_dict=True
2025-10-11 18:10:28,693 - __main__ - INFO - Processed image successfully, found 10 lines
2025-10-11 18:10:45,334 - __main__ - INFO - Processing image with scale=1, margin=2, use_dict=True
2025-10-11 18:10:47,880 - __main__ - INFO - Processed image successfully, found 6 lines
2025-10-11 18:10:58,439 - __main__ - INFO - Processing image with scale=1, margin=3, use_dict=True
2025-10-11 18:11:01,253 - __main__ - INFO - Processed image successfully, found 5 lines
2025-10-11 18:11:22,009 - __main__ - INFO - Processing image with scale=0.49, margin=3, use_dict=True
2025-10-11 18:11:23,112 - __main__ - INFO - Processed image successfully, found 4 lines
2025-10-11 18:11:11,956 - __main__ - INFO - Processing image with scale=0.49, margin=1, use_dict=True
2025-10-11 18:11:32,153 - __main__ - INFO - Processed image successfully, found 4 lines
2025-10-11 18:11:48,607 - __main__ - INFO - Processing image with scale=0.49, margin=0.8, use_dict=True
2025-10-11 18:11:49,934 - __main__ - INFO - Processed image successfully, found 4 lines
2025-10-11 18:12:13,385 - __main__ - INFO - Processing image with scale=0.49, margin=0.8, use_dict=True
2025-10-11 18:12:14,574 - __main__ - INFO - Processed image successfully, found 5 lines
2025-10-11 18:12:24,115 - __main__ - INFO - Processing image with scale=0.7, margin=0.8, use_dict=True
2025-10-11 18:12:26,114 - __main__ - INFO - Processed image successfully, found 7 lines
2025-10-11 18:12:35,610 - __main__ - INFO - Processing image with scale=1.28, margin=0.8, use_dict=True
2025-10-11 18:12:39,360 - __main__ - INFO - Processed image successfully, found 10 lines
2025-10-11 18:12:57,191 - __main__ - INFO - Processing image with scale=1.28, margin=2, use_dict=True
2025-10-11 18:13:01,871 - __main__ - INFO - Processed image successfully, found 10 lines
2025-10-11 18:15:56,185 - __main__ - INFO - Loaded dictionary with 370105 words
2025-10-11 18:15:57,218 - httpx - INFO - HTTP Request: GET http://127.0.0.1:7860/gradio_api/startup-events "HTTP/1.1 200 OK"
2025-10-11 18:15:57,278 - httpx - INFO - HTTP Request: HEAD http://127.0.0.1:7860/ "HTTP/1.1 200 OK"
2025-10-11 18:15:57,758 - httpx - INFO - HTTP Request: GET https://api.gradio.app/pkg-version "HTTP/1.1 200 OK"
2025-10-11 18:15:58,737 - httpx - INFO - HTTP Request: GET https://api.gradio.app/v3/tunnel-request "HTTP/1.1 200 OK"
2025-10-11 19:41:33,819 - __main__ - INFO - Loaded dictionary with 370105 words
2025-10-11 19:41:35,185 - httpx - INFO - HTTP Request: GET http://127.0.0.1:7860/gradio_api/startup-events "HTTP/1.1 200 OK"
2025-10-11 19:41:35,230 - httpx - INFO - HTTP Request: HEAD http://127.0.0.1:7860/ "HTTP/1.1 200 OK"
2025-10-11 19:41:35,413 - httpx - INFO - HTTP Request: GET https://api.gradio.app/pkg-version "HTTP/1.1 200 OK"
2025-10-11 19:41:36,796 - httpx - INFO - HTTP Request: GET https://api.gradio.app/v3/tunnel-request "HTTP/1.1 200 OK"
2025-10-11 19:45:04,362 - __main__ - INFO - Loaded dictionary with 370105 words
2025-10-11 19:45:06,861 - httpx - INFO - HTTP Request: GET https://api.gradio.app/pkg-version "HTTP/1.1 200 OK"
2025-10-11 19:45:07,544 - httpx - INFO - HTTP Request: GET http://127.0.0.1:7861/gradio_api/startup-events "HTTP/1.1 200 OK"
2025-10-11 19:45:07,633 - httpx - INFO - HTTP Request: HEAD http://127.0.0.1:7861/ "HTTP/1.1 200 OK"
2025-10-11 19:45:09,942 - httpx - INFO - HTTP Request: GET https://api.gradio.app/v3/tunnel-request "HTTP/1.1 200 OK"
2025-10-11 19:48:37,267 - __main__ - INFO - Loaded dictionary with 370105 words
2025-10-11 19:48:38,439 - httpx - INFO - HTTP Request: GET http://127.0.0.1:7860/gradio_api/startup-events "HTTP/1.1 200 OK"
2025-10-11 19:48:38,521 - httpx - INFO - HTTP Request: HEAD http://127.0.0.1:7860/ "HTTP/1.1 200 OK"
2025-10-11 19:48:38,846 - httpx - INFO - HTTP Request: GET https://api.gradio.app/pkg-version "HTTP/1.1 200 OK"
2025-10-11 19:48:40,080 - httpx - INFO - HTTP Request: GET https://api.gradio.app/v3/tunnel-request "HTTP/1.1 200 OK"
2025-10-11 19:49:47,773 - __main__ - INFO - Loaded dictionary with 370105 words
2025-10-11 19:49:50,202 - httpx - INFO - HTTP Request: GET https://api.gradio.app/pkg-version "HTTP/1.1 200 OK"
2025-10-11 19:49:50,665 - httpx - INFO - HTTP Request: GET http://127.0.0.1:7860/gradio_api/startup-events "HTTP/1.1 200 OK"
2025-10-11 19:49:50,729 - httpx - INFO - HTTP Request: HEAD http://127.0.0.1:7860/ "HTTP/1.1 200 OK"
2025-10-11 19:49:52,415 - httpx - INFO - HTTP Request: GET https://api.gradio.app/v3/tunnel-request "HTTP/1.1 200 OK"
2025-10-11 19:51:59,152 - __main__ - INFO - Loaded dictionary with 370105 words
2025-10-11 19:52:01,667 - httpx - INFO - HTTP Request: GET https://api.gradio.app/pkg-version "HTTP/1.1 200 OK"
2025-10-11 19:52:02,318 - httpx - INFO - HTTP Request: GET http://127.0.0.1:7860/gradio_api/startup-events "HTTP/1.1 200 OK"
2025-10-11 19:52:02,422 - httpx - INFO - HTTP Request: HEAD http://127.0.0.1:7860/ "HTTP/1.1 200 OK"
2025-10-11 19:52:04,768 - httpx - INFO - HTTP Request: GET https://api.gradio.app/v3/tunnel-request "HTTP/1.1 200 OK"
2025-10-11 20:03:17,532 - __main__ - INFO - Processing image with scale=0.8, margin=8, use_dict=False
2025-10-11 20:03:19,406 - __main__ - INFO - Processed image successfully, found 6 lines
2025-10-11 20:04:17,090 - __main__ - INFO - Processing image with scale=1.2, margin=2, use_dict=False
2025-10-11 20:04:19,625 - __main__ - INFO - Processed image successfully, found 12 lines
2025-10-11 20:04:36,625 - __main__ - INFO - Processing image with scale=1.2, margin=2, use_dict=False
2025-10-11 20:04:39,092 - __main__ - INFO - Processed image successfully, found 8 lines
2025-10-11 20:05:11,649 - __main__ - INFO - Processing image with scale=1.2, margin=1.5, use_dict=False
2025-10-11 20:05:13,884 - __main__ - INFO - Processed image successfully, found 8 lines
2025-10-11 20:05:37,879 - __main__ - INFO - Processing image with scale=1.2, margin=1.5, use_dict=False
2025-10-11 20:05:40,273 - __main__ - INFO - Processed image successfully, found 8 lines
2025-10-11 20:06:52,919 - __main__ - INFO - Processing image with scale=0.79, margin=1.7, use_dict=False
2025-10-11 20:06:54,623 - __main__ - INFO - Processed image successfully, found 7 lines
2025-10-11 20:07:08,137 - __main__ - INFO - Processing image with scale=0.79, margin=3, use_dict=False
2025-10-11 20:07:09,865 - __main__ - INFO - Processed image successfully, found 7 lines
2025-10-11 20:07:16,555 - __main__ - INFO - Processing image with scale=0.8, margin=3, use_dict=False
2025-10-11 20:07:18,294 - __main__ - INFO - Processed image successfully, found 6 lines
2025-10-11 20:07:43,084 - __main__ - INFO - Processing image with scale=0.4, margin=2, use_dict=False
2025-10-11 20:07:44,373 - __main__ - INFO - Processed image successfully, found 6 lines
2025-10-11 20:08:05,261 - __main__ - INFO - Processing image with scale=0.4, margin=2, use_dict=False
2025-10-11 20:08:06,539 - __main__ - INFO - Processed image successfully, found 6 lines
2025-10-11 20:08:15,081 - __main__ - INFO - Processing image with scale=0.4, margin=2, use_dict=False
2025-10-11 20:08:16,354 - __main__ - INFO - Processed image successfully, found 6 lines
2025-10-11 20:08:24,248 - __main__ - INFO - Processing image with scale=0.4, margin=3, use_dict=False
2025-10-11 20:08:25,513 - __main__ - INFO - Processed image successfully, found 6 lines
2025-10-11 20:08:32,501 - __main__ - INFO - Processing image with scale=0.6, margin=0, use_dict=False
2025-10-11 20:08:34,075 - __main__ - INFO - Processed image successfully, found 8 lines
2025-10-11 20:09:23,058 - __main__ - INFO - Processing image with scale=0.3, margin=3, use_dict=False
2025-10-11 20:09:25,969 - __main__ - INFO - Processed image successfully, found 13 lines
2025-10-11 20:12:46,387 - __main__ - INFO - Processing image with scale=0.5, margin=3, use_dict=False
2025-10-11 20:12:50,407 - __main__ - INFO - Processed image successfully, found 12 lines
2025-10-11 20:19:52,508 - __main__ - INFO - Processing image with scale=1, margin=3, use_dict=False
2025-10-11 20:19:57,543 - __main__ - INFO - Processed image successfully, found 12 lines
2025-10-11 20:20:13,179 - __main__ - INFO - Processing image with scale=0.8, margin=3, use_dict=False
2025-10-11 20:20:16,158 - __main__ - INFO - Processed image successfully, found 13 lines
2025-10-11 20:20:22,030 - __main__ - INFO - Processing image with scale=0.7, margin=3, use_dict=False
2025-10-11 20:20:24,542 - __main__ - INFO - Processed image successfully, found 9 lines
2025-10-11 20:20:34,888 - __main__ - INFO - Processing image with scale=0.72, margin=3, use_dict=False
2025-10-11 20:20:37,445 - __main__ - INFO - Processed image successfully, found 12 lines
2025-10-11 20:20:57,553 - __main__ - INFO - Processing image with scale=0.65, margin=3, use_dict=False
2025-10-11 20:21:00,071 - __main__ - INFO - Processed image successfully, found 12 lines
2025-10-11 20:26:03,529 - __main__ - INFO - Processing image with scale=0.65, margin=3, use_dict=False
2025-10-11 20:26:08,685 - __main__ - INFO - Processed image successfully, found 12 lines
2025-10-11 20:35:14,942 - __main__ - INFO - Processing image with scale=0.59, margin=5, use_dict=False
2025-10-11 20:35:16,441 - __main__ - INFO - Processed image successfully, found 6 lines
2025-10-11 20:35:42,343 - __main__ - INFO - Processing image with scale=0.7, margin=5, use_dict=False
2025-10-11 20:35:44,295 - __main__ - INFO - Processed image successfully, found 7 lines
2025-10-11 20:36:02,557 - __main__ - INFO - Processing image with scale=0.7, margin=1, use_dict=False
2025-10-11 20:36:04,595 - __main__ - INFO - Processed image successfully, found 7 lines
2025-10-11 20:36:28,490 - __main__ - INFO - Processing image with scale=0.6, margin=1, use_dict=False
2025-10-11 20:36:11,131 - __main__ - INFO - Processed image successfully, found 7 lines
2025-10-11 20:36:40,521 - __main__ - INFO - Processing image with scale=0.4, margin=1, use_dict=False
2025-10-11 20:36:41,641 - __main__ - INFO - Processed image successfully, found 4 lines
2025-10-11 20:36:58,581 - __main__ - INFO - Processing image with scale=0.7, margin=1, use_dict=False
2025-10-11 20:37:00,576 - __main__ - INFO - Processed image successfully, found 7 lines
2025-10-11 21:11:03,941 - __main__ - INFO - Processing image with scale=0.7, margin=1, use_dict=True
2025-10-11 21:11:07,202 - __main__ - INFO - Processed image successfully, found 7 lines
2025-10-11 21:11:48,651 - __main__ - INFO - Processing image with scale=0.2, margin=2, use_dict=True
2025-10-11 21:11:49,179 - __main__ - INFO - Processed image successfully, found 4 lines
2025-10-11 21:11:56,257 - __main__ - INFO - Processing image with scale=0.73, margin=2, use_dict=True
2025-10-11 21:31:02,512 - __main__ - INFO - Processed image successfully, found 23 lines
2025-10-11 21:32:03,514 - __main__ - INFO - Processing image with scale=0.73, margin=2, use_dict=True
2025-10-11 21:32:06,493 - __main__ - INFO - Processed image successfully, found 12 lines
2025-10-11 21:32:22,515 - __main__ - INFO - Processing image with scale=0.22, margin=2, use_dict=True
2025-10-11 21:32:22,800 - __main__ - INFO - Processed image successfully, found 2 lines
2025-10-11 21:32:31,411 - __main__ - INFO - Processing image with scale=3.26, margin=2, use_dict=True
2025-10-11 21:32:44,570 - __main__ - INFO - Processed image successfully, found 15 lines
2025-10-11 21:33:10,246 - __main__ - INFO - Processing image with scale=2.05, margin=1, use_dict=True
2025-10-11 21:33:17,929 - __main__ - INFO - Processed image successfully, found 14 lines
2025-10-11 21:38:03,133 - __main__ - INFO - Processing image with scale=0.26, margin=1, use_dict=True
2025-10-11 21:38:03,393 - __main__ - INFO - Processed image successfully, found 2 lines
2025-10-11 21:38:08,922 - __main__ - INFO - Processing image with scale=1.12, margin=1, use_dict=True
2025-10-11 21:38:13,429 - __main__ - INFO - Processed image successfully, found 14 lines
2025-10-11 21:38:21,561 - __main__ - INFO - Processing image with scale=1.12, margin=3, use_dict=True
2025-10-11 21:38:26,738 - __main__ - INFO - Processed image successfully, found 13 lines
2025-10-11 21:38:33,366 - __main__ - INFO - Processing image with scale=1.12, margin=6, use_dict=False
2025-10-11 21:38:35,704 - __main__ - INFO - Processed image successfully, found 12 lines
2025-10-11 21:38:59,968 - __main__ - INFO - Processing image with scale=1.2, margin=5, use_dict=False
2025-10-11 21:39:03,112 - __main__ - INFO - Processed image successfully, found 8 lines
2025-10-11 21:39:06,893 - __main__ - INFO - Processing image with scale=1.2, margin=5, use_dict=False
2025-10-11 21:39:10,213 - __main__ - INFO - Processed image successfully, found 8 lines
